<?xml version="1.0" encoding="UTF-8"?>
<testsuite xmlns:xsi="http://www.w3.org/2001/XMLSchema-instance" xsi:noNamespaceSchemaLocation="https://maven.apache.org/surefire/maven-surefire-plugin/xsd/surefire-test-report-3.0.xsd" version="3.0" name="cucumber.Options.TestRunner" time="8.079" tests="2" errors="0" skipped="0" failures="0">
  <properties>
[...]
</properties>
  <testcase name="Verify if Place is being successfully added using AddPlaceAPI" classname="Validating Place Api&apos;s" time="6.707">
    <system-out><![CDATA[
@AddPlace @Regression
Scenario Outline: Verify if Place is being successfully added using AddPlaceAPI # src/test/java/features/placeValidations.feature:13
E:\Ameett\Learning\RestAPIFramework\RestAPIFramework
  Given Add Place payload "AA House" "English-EN" "101 Sai"                     # stepDefinations.StepDefination.add_place_payload(java.lang.String,java.lang.String,java.lang.String)
  When user calls "AddPlaceAPI" with "Post" http request                        # stepDefinations.StepDefination.user_calls_with_http_request(java.lang.String,java.lang.String)
  Then the API Call got success with status code 200                            # stepDefinations.StepDefination.the_api_call_got_success_with_status_code(java.lang.Integer)
  And "status" in response body is "OK"                                         # stepDefinations.StepDefination.in_response_body_is(java.lang.String,java.lang.String)
  And "scope" in response body is "APP"                                         # stepDefinations.StepDefination.in_response_body_is(java.lang.String,java.lang.String)
  And verify place_Id created maps to "AA House" using "GetPlaceAPI"            # stepDefinations.StepDefination.verify_place_id_created_maps_to_using(java.lang.String,java.lang.String)
]]></system-out>
  </testcase>
  <testcase name="Verify if Delete Place functionality is working" classname="Validating Place Api&apos;s" time="0.4">
    <system-out><![CDATA[
@DeletePlace @Regression
Scenario: Verify if Delete Place functionality is working   # src/test/java/features/placeValidations.feature:17
  Given DeletPlace Payload                                  # stepDefinations.StepDefination.delet_place_payload()
  When user calls "DeletePlaceAPI" with "Post" http request # stepDefinations.StepDefination.user_calls_with_http_request(java.lang.String,java.lang.String)
  Then the API Call got success with status code 200        # stepDefinations.StepDefination.the_api_call_got_success_with_status_code(java.lang.Integer)
  And "status" in response body is "OK"                     # stepDefinations.StepDefination.in_response_body_is(java.lang.String,java.lang.String)
]]></system-out>
  </testcase>
</testsuite>